Start testing: Jun 30 18:04 MSK
----------------------------------------------------------
1/1 Testing: check
1/1 Test: check
Command: "/Users/mac/workspace/projects/lab05/_build/tests/check"
Directory: /Users/mac/workspace/projects/lab05/_build/tests
"check" start time: Jun 30 18:04 MSK
Output:
----------------------------------------------------------
Running main() from /Users/mac/workspace/projects/lab05/homework/third-party/gtest/googletest/src/gtest_main.cc
[==========] Running 13 tests from 2 test cases.
[----------] Global test environment set-up.
[----------] 5 tests from Account
[ RUN      ] Account.Constructor
[       OK ] Account.Constructor (0 ms)
[ RUN      ] Account.ChangeBalanceThrowsIfNotLocked
[       OK ] Account.ChangeBalanceThrowsIfNotLocked (1 ms)
[ RUN      ] Account.ChangeBalanceWorksIfLocked
[       OK ] Account.ChangeBalanceWorksIfLocked (0 ms)
[ RUN      ] Account.DoubleLockThrows
[       OK ] Account.DoubleLockThrows (0 ms)
[ RUN      ] Account.UnlockWorks
[       OK ] Account.UnlockWorks (0 ms)
[----------] 5 tests from Account (1 ms total)

[----------] 8 tests from Transaction
[ RUN      ] Transaction.DefaultFee
[       OK ] Transaction.DefaultFee (0 ms)
[ RUN      ] Transaction.SetFee
[       OK ] Transaction.SetFee (0 ms)
[ RUN      ] Transaction.SameAccountThrows
[       OK ] Transaction.SameAccountThrows (0 ms)
[ RUN      ] Transaction.NegativeSumThrows
[       OK ] Transaction.NegativeSumThrows (0 ms)
[ RUN      ] Transaction.TooSmallSumThrows
[       OK ] Transaction.TooSmallSumThrows (0 ms)
[ RUN      ] Transaction.FeeTooBigReturnsFalse
[       OK ] Transaction.FeeTooBigReturnsFalse (0 ms)
[ RUN      ] Transaction.SuccessTransfer
1 send to 2 $200
Balance 1 is 1000
Balance 2 is 499
[       OK ] Transaction.SuccessTransfer (0 ms)
[ RUN      ] Transaction.CallsAccountMethodsWithMock
1 send to 2 $200
Balance 1 is 
GMOCK WARNING:
Uninteresting mock function call - returning default value.
    Function call: GetBalance()
          Returns: 0
NOTE: You can safely ignore the above warning unless this call should not happen.  Do not suppress it by blindly adding an EXPECT_CALL() if you don't mean to enforce the call.  See https://github.com/google/googletest/blob/master/googlemock/docs/CookBook.md#knowing-when-to-expect for details.
0
Balance 2 is 1000
[       OK ] Transaction.CallsAccountMethodsWithMock (0 ms)
[----------] 8 tests from Transaction (0 ms total)

[----------] Global test environment tear-down
[==========] 13 tests from 2 test cases ran. (1 ms total)
[  PASSED  ] 13 tests.
<end of output>
Test time =   0.35 sec
----------------------------------------------------------
Test Passed.
"check" end time: Jun 30 18:04 MSK
"check" time elapsed: 00:00:00
----------------------------------------------------------

End testing: Jun 30 18:04 MSK
